<?xml version="1.0" encoding="UTF-8"?>
<testng-results ignored="0" total="1" passed="1" failed="0" skipped="0">
  <reporter-output>
  </reporter-output>
  <suite started-at="2026-06-25T16:08:53 EEST" name="Default suite" finished-at="2026-06-25T16:09:33 EEST" duration-ms="39542">
    <groups>
    </groups>
    <test started-at="2026-06-25T16:08:53 EEST" name="Default test" finished-at="2026-06-25T16:09:33 EEST" duration-ms="39542">
      <class name="main.Login">
        <test-method is-config="true" signature="setup()[pri:0, instance:main.Login@564fabc8]" started-at="2026-06-25T16:08:47 EEST" name="setup" finished-at="2026-06-25T16:08:53 EEST" duration-ms="5997" status="PASS">
          <reporter-output>
          </reporter-output>
        </test-method> <!-- setup -->
        <test-method signature="LoginFunctionality()[pri:0, instance:main.Login@564fabc8]" started-at="2026-06-25T16:08:53 EEST" name="LoginFunctionality" description="validate that user can login to website" finished-at="2026-06-25T16:09:32 EEST" duration-ms="39421" status="PASS">
          <reporter-output>
          </reporter-output>
        </test-method> <!-- LoginFunctionality -->
        <test-method is-config="true" signature="AfterTest()[pri:0, instance:main.Login@564fabc8]" started-at="2026-06-25T16:09:33 EEST" name="AfterTest" finished-at="2026-06-25T16:09:34 EEST" duration-ms="976" status="PASS">
          <reporter-output>
          </reporter-output>
        </test-method> <!-- AfterTest -->
      </class> <!-- main.Login -->
    </test> <!-- Default test -->
  </suite> <!-- Default suite -->
</testng-results>
